\BOOKMARK [1][-]{section.1}{Abstract}{}% 1
\BOOKMARK [1][-]{section.2}{Description}{}% 2
\BOOKMARK [1][-]{section.3}{Model specifications}{}% 3
\BOOKMARK [2][-]{subsection.3.1}{Directed Configuration Model}{section.3}% 4
\BOOKMARK [3][-]{subsubsection.3.1.1}{DCM and Algorithm}{subsection.3.1}% 5
\BOOKMARK [3][-]{subsubsection.3.1.2}{Programming and Package}{subsection.3.1}% 6
\BOOKMARK [3][-]{subsubsection.3.1.3}{Theoretical Model}{subsection.3.1}% 7
\BOOKMARK [3][-]{subsubsection.3.1.4}{Model Generation}{subsection.3.1}% 8
\BOOKMARK [2][-]{subsection.3.2}{Real World Graph}{section.3}% 9
\BOOKMARK [1][-]{section.4}{Part 1: Relationship between Page Rank and Betweeness Centrality}{}% 10
\BOOKMARK [2][-]{subsection.4.1}{Method Description}{section.4}% 11
\BOOKMARK [3][-]{subsubsection.4.1.1}{Statistical approach: Spearman's Rank Correlation }{subsection.4.1}% 12
\BOOKMARK [3][-]{subsubsection.4.1.2}{Visual approach: Ranking Plot}{subsection.4.1}% 13
\BOOKMARK [2][-]{subsection.4.2}{Experiment and Analysis}{section.4}% 14
\BOOKMARK [3][-]{subsubsection.4.2.1}{Case1: =}{subsection.4.2}% 15
\BOOKMARK [3][-]{subsubsection.4.2.2}{Case2: =}{subsection.4.2}% 16
\BOOKMARK [2][-]{subsection.4.3}{Conclusions}{section.4}% 17
\BOOKMARK [1][-]{section.5}{Part 2: Comparison among the effect of Measures on Average Shortest Path Length}{}% 18
\BOOKMARK [2][-]{subsection.5.1}{Method Description}{section.5}% 19
\BOOKMARK [2][-]{subsection.5.2}{Experiment and Analysis}{section.5}% 20
\BOOKMARK [3][-]{subsubsection.5.2.1}{Theoretical Models}{subsection.5.2}% 21
\BOOKMARK [3][-]{subsubsection.5.2.2}{Real World Graph: Wikipedia Vote Network}{subsection.5.2}% 22
\BOOKMARK [2][-]{subsection.5.3}{Conlusions}{section.5}% 23
\BOOKMARK [1][-]{section.6}{Appendix}{}% 24
