This is LuaTeX, Version 0.95.0 (TeX Live 2016)  (format=lualatex 2016.5.22)  7 OCT 2017 15:05
 restricted system commands enabled.
**FinalReport.tex
(./FinalReport.tex
LaTeX2e <2016/03/31>
Babel <3.9r> and hyphenation patterns for 1 language(s) loaded.
(/usr/local/texlive/2016/texmf-dist/tex/latex/base/article.cls
Document Class: article 2014/09/29 v1.4h Standard LaTeX document class
(/usr/local/texlive/2016/texmf-dist/tex/latex/base/size10.clo
File: size10.clo 2014/09/29 v1.4h Standard LaTeX file (size option)
)
\c@part=\count79
\c@section=\count80
\c@subsection=\count81
\c@subsubsection=\count82
\c@paragraph=\count83
\c@subparagraph=\count84
\c@figure=\count85
\c@table=\count86
\abovecaptionskip=\skip41
\belowcaptionskip=\skip42
\bibindent=\dimen102
)
(/usr/local/texlive/2016/texmf-dist/tex/latex/base/inputenc.sty
Package: inputenc 2015/03/17 v1.2c Input encoding file
\inpenc@prehook=\toks14
\inpenc@posthook=\toks15


Package inputenc Warning: inputenc package ignored with utf8 based engines.

) (/usr/local/texlive/2016/texmf-dist/tex/latex/geometry/geometry.sty
Package: geometry 2010/09/12 v5.6 Page Geometry

(/usr/local/texlive/2016/texmf-dist/tex/latex/graphics/keyval.sty
Package: keyval 2014/10/28 v1.15 key=value parser (DPC)
\KV@toks@=\toks16
)
(/usr/local/texlive/2016/texmf-dist/tex/generic/oberdiek/ifpdf.sty
Package: ifpdf 2016/05/14 v3.1 Provides the ifpdf switch
)
(/usr/local/texlive/2016/texmf-dist/tex/generic/oberdiek/ifvtex.sty
Package: ifvtex 2016/05/16 v1.6 Detect VTeX and its facilities (HO)
Package ifvtex Info: VTeX not detected.
)
(/usr/local/texlive/2016/texmf-dist/tex/generic/ifxetex/ifxetex.sty
Package: ifxetex 2010/09/12 v0.6 Provides ifxetex conditional
)
\Gm@cnth=\count87
\Gm@cntv=\count88
\c@Gm@tempcnt=\count89
\Gm@bindingoffset=\dimen103
\Gm@wd@mp=\dimen104
\Gm@odd@mp=\dimen105
\Gm@even@mp=\dimen106
\Gm@layoutwidth=\dimen107
\Gm@layoutheight=\dimen108
\Gm@layouthoffset=\dimen109
\Gm@layoutvoffset=\dimen110
\Gm@dimlist=\toks17
)
(/usr/local/texlive/2016/texmf-dist/tex/latex/soul/soul.sty
Package: soul 2003/11/17 v2.4 letterspacing/underlining (mf)
\SOUL@word=\toks18
\SOUL@lasttoken=\toks19
\SOUL@cmds=\toks20
\SOUL@buffer=\toks21
\SOUL@token=\toks22
\SOUL@spaceskip=\skip43
\SOUL@ttwidth=\dimen111
\SOUL@uldp=\dimen112
\SOUL@ulht=\dimen113
)
(/usr/local/texlive/2016/texmf-dist/tex/latex/graphics/color.sty
Package: color 2016/05/09 v1.1c Standard LaTeX Color (DPC)

(/usr/local/texlive/2016/texmf-dist/tex/latex/graphics-cfg/color.cfg
File: color.cfg 2016/01/02 v1.6 sample color configuration
)
Package color Info: Driver file: luatex.def on input line 144.

(/usr/local/texlive/2016/texmf-dist/tex/lualatex/luatex-def/luatex.def
File: luatex.def 2016/01/23 v0.01b Graphics/Color for luaTeX

(/usr/local/texlive/2016/texmf-dist/tex/generic/oberdiek/infwarerr.sty
Package: infwarerr 2016/05/16 v1.4 Providing info/warning/error messages (HO)
)
(/usr/local/texlive/2016/texmf-dist/tex/generic/oberdiek/ltxcmds.sty
Package: ltxcmds 2016/05/16 v1.23 LaTeX kernel commands for general use (HO)
)
\Gread@gobject=\count90
))
(/usr/local/texlive/2016/texmf-dist/tex/latex/amsfonts/amsfonts.sty
Package: amsfonts 2013/01/14 v3.01 Basic AMSFonts support
\@emptytoks=\toks23
\symAMSa=\mathgroup4
\symAMSb=\mathgroup5
LaTeX Font Info:    Overwriting math alphabet `\mathfrak' in version `bold'
(Font)                  U/euf/m/n --> U/euf/b/n on input line 106.
)
(/usr/local/texlive/2016/texmf-dist/tex/latex/amsmath/amsmath.sty
Package: amsmath 2016/03/10 v2.15b AMS math features
\@mathmargin=\skip44

For additional information on amsmath, use the `?' option.
(/usr/local/texlive/2016/texmf-dist/tex/latex/amsmath/amstext.sty
Package: amstext 2000/06/29 v2.01 AMS text

(/usr/local/texlive/2016/texmf-dist/tex/latex/amsmath/amsgen.sty
File: amsgen.sty 1999/11/30 v2.0 generic functions
\@emptytoks=\toks24
\ex@=\dimen114
))
(/usr/local/texlive/2016/texmf-dist/tex/latex/amsmath/amsbsy.sty
Package: amsbsy 1999/11/29 v1.2d Bold Symbols
\pmbraise@=\dimen115
)
(/usr/local/texlive/2016/texmf-dist/tex/latex/amsmath/amsopn.sty
Package: amsopn 2016/03/08 v2.02 operator names
)
\inf@bad=\count91
LaTeX Info: Redefining \frac on input line 199.
\uproot@=\count92
\leftroot@=\count93
LaTeX Info: Redefining \overline on input line 297.
\classnum@=\count94
\DOTSCASE@=\count95
LaTeX Info: Redefining \ldots on input line 394.
LaTeX Info: Redefining \dots on input line 397.
LaTeX Info: Redefining \cdots on input line 518.
\Mathstrutbox@=\box26
\strutbox@=\box27
\big@size=\dimen116
LaTeX Font Info:    Redeclaring font encoding OML on input line 634.
LaTeX Font Info:    Redeclaring font encoding OMS on input line 635.
\macc@depth=\count96
\c@MaxMatrixCols=\count97
\dotsspace@=\muskip10
\c@parentequation=\count98
\dspbrk@lvl=\count99
\tag@help=\toks25
\row@=\count100
\column@=\count101
\maxfields@=\count102
\andhelp@=\toks26
\eqnshift@=\dimen117
\alignsep@=\dimen118
\tagshift@=\dimen119
\tagwidth@=\dimen120
\totwidth@=\dimen121
\lineht@=\dimen122
\@envbody=\toks27
\multlinegap=\skip45
\multlinetaggap=\skip46
\mathdisplay@stack=\toks28
LaTeX Info: Redefining \[ on input line 2739.
LaTeX Info: Redefining \] on input line 2740.
)
(/usr/local/texlive/2016/texmf-dist/tex/latex/bbm-macros/bbm.sty
Package: bbm 1999/03/15 V 1.2 provides fonts for set symbols - TH
LaTeX Font Info:    Overwriting math alphabet `\mathbbm' in version `bold'
(Font)                  U/bbm/m/n --> U/bbm/bx/n on input line 33.
LaTeX Font Info:    Overwriting math alphabet `\mathbbmss' in version `bold'
(Font)                  U/bbmss/m/n --> U/bbmss/bx/n on input line 35.
)
(/usr/local/texlive/2016/texmf-dist/tex/latex/enumitem/enumitem.sty
Package: enumitem 2011/09/28 v3.5.2 Customized lists
\labelindent=\skip47
\enit@outerparindent=\dimen123
\enit@toks=\toks29
\enit@inbox=\box28
\enitdp@description=\count103
)
\c@stepsi=\count104
\enitdp@steps=\count105

(/usr/local/texlive/2016/texmf-dist/tex/latex/amsfonts/amssymb.sty
Package: amssymb 2013/01/14 v3.01 AMS font symbols
)
(/usr/local/texlive/2016/texmf-dist/tex/latex/pict2e/pict2e.sty
Package: pict2e 2016/02/05 v0.3b Improved picture commands (HjG,RN,JT)

(/usr/local/texlive/2016/texmf-dist/tex/latex/pict2e/pict2e.cfg
File: pict2e.cfg 2016/02/05 v0.1u pict2e configuration for teTeX/TeXLive
)
Package pict2e Info: Driver file: luatex.def on input line 119.
Package pict2e Info: Driver file for pict2e: p2e-luatex.def on input line 121.

(/usr/local/texlive/2016/texmf-dist/tex/latex/pict2e/p2e-luatex.def
File: p2e-luatex.def 2016/02/05 v0.1u Driver-dependant file (RN,HjG,JT)
)
(/usr/local/texlive/2016/texmf-dist/tex/latex/graphics/trig.sty
Package: trig 2016/01/03 v1.10 sin cos tan (DPC)
)
\pIIe@GRAPH=\toks30
\@arclen=\dimen124
\@arcrad=\dimen125
\@tempdimd=\dimen126
)
(/usr/local/texlive/2016/texmf-dist/tex/latex/graphics/graphicx.sty
Package: graphicx 2014/10/28 v1.0g Enhanced LaTeX Graphics (DPC,SPQR)

(/usr/local/texlive/2016/texmf-dist/tex/latex/graphics/graphics.sty
Package: graphics 2016/05/09 v1.0r Standard LaTeX Graphics (DPC,SPQR)

(/usr/local/texlive/2016/texmf-dist/tex/latex/graphics-cfg/graphics.cfg
File: graphics.cfg 2016/01/02 v1.10 sample graphics configuration
)
Package graphics Info: Driver file: luatex.def on input line 96.
)
\Gin@req@height=\dimen127
\Gin@req@width=\dimen128
)
(/usr/local/texlive/2016/texmf-dist/tex/latex/mdframed/mdframed.sty
Package: mdframed 2013/07/01 1.9b: mdframed

(/usr/local/texlive/2016/texmf-dist/tex/latex/oberdiek/kvoptions.sty
Package: kvoptions 2016/05/16 v3.12 Key value format for package options (HO)

(/usr/local/texlive/2016/texmf-dist/tex/generic/oberdiek/kvsetkeys.sty
Package: kvsetkeys 2016/05/16 v1.17 Key value parser (HO)

(/usr/local/texlive/2016/texmf-dist/tex/generic/oberdiek/etexcmds.sty
Package: etexcmds 2016/05/16 v1.6 Avoid name clashes with e-TeX commands (HO)

(/usr/local/texlive/2016/texmf-dist/tex/generic/oberdiek/ifluatex.sty
Package: ifluatex 2016/05/16 v1.4 Provides the ifluatex switch (HO)
Package ifluatex Info: LuaTeX detected.
))))
(/usr/local/texlive/2016/texmf-dist/tex/latex/l3packages/xparse/xparse.sty
(/usr/local/texlive/2016/texmf-dist/tex/latex/l3kernel/expl3.sty
Package: expl3 2016/05/18 v6512 L3 programming layer (loader) 

(/usr/local/texlive/2016/texmf-dist/tex/latex/l3kernel/expl3-code.tex
Package: expl3 2016/05/18 v6512 L3 programming layer (code)
L3 Module: l3bootstrap 2016/02/12 v6412 L3 Bootstrap code
\ucharcat@table=\catcodetable5
L3 Module: l3names 2016/03/11 v6433 L3 Namespace for primitives
L3 Module: l3basics 2015/11/22 v6315 L3 Basic definitions
L3 Module: l3expan 2015/09/10 v5983 L3 Argument expansion
L3 Module: l3tl 2016/03/26 v6465 L3 Token lists
L3 Module: l3str 2016/03/24 v6441 L3 Strings
L3 Module: l3seq 2015/08/05 v5777 L3 Sequences and stacks
L3 Module: l3int 2016/03/24 v6441 L3 Integers
\c_max_int=\count106
\l_tmpa_int=\count107
\l_tmpb_int=\count108
\g_tmpa_int=\count109
\g_tmpb_int=\count110
L3 Module: l3quark 2015/08/17 v5855 L3 Quarks
L3 Module: l3prg 2015/11/01 v6216 L3 Control structures
\g__prg_map_int=\count111
L3 Module: l3clist 2015/09/02 v5901 L3 Comma separated lists
L3 Module: l3token 2016/04/03 v6470 L3 Experimental token manipulation
L3 Module: l3prop 2016/01/05 v6366 L3 Property lists
L3 Module: l3msg 2016/03/26 v6464 L3 Messages
L3 Module: l3file 2016/03/25 v6458 L3 File and I/O operations
\l_iow_line_count_int=\count112
\l__iow_target_count_int=\count113
\l__iow_current_line_int=\count114
\l__iow_current_word_int=\count115
\l__iow_current_indentation_int=\count116
L3 Module: l3skip 2016/01/05 v6366 L3 Dimensions and skips
\c_zero_dim=\dimen129
\c_max_dim=\dimen130
\l_tmpa_dim=\dimen131
\l_tmpb_dim=\dimen132
\g_tmpa_dim=\dimen133
\g_tmpb_dim=\dimen134
\c_zero_skip=\skip48
\c_max_skip=\skip49
\l_tmpa_skip=\skip50
\l_tmpb_skip=\skip51
\g_tmpa_skip=\skip52
\g_tmpb_skip=\skip53
\c_zero_muskip=\muskip11
\c_max_muskip=\muskip12
\l_tmpa_muskip=\muskip13
\l_tmpb_muskip=\muskip14
\g_tmpa_muskip=\muskip15
\g_tmpb_muskip=\muskip16
L3 Module: l3keys 2015/11/17 v6284 L3 Key-value interfaces
\g__keyval_level_int=\count117
\l_keys_choice_int=\count118
L3 Module: l3fp 2016/03/26 v6465 L3 Floating points
\c__fp_leading_shift_int=\count119
\c__fp_middle_shift_int=\count120
\c__fp_trailing_shift_int=\count121
\c__fp_big_leading_shift_int=\count122
\c__fp_big_middle_shift_int=\count123
\c__fp_big_trailing_shift_int=\count124
\c__fp_Bigg_leading_shift_int=\count125
\c__fp_Bigg_middle_shift_int=\count126
\c__fp_Bigg_trailing_shift_int=\count127
L3 Module: l3box 2015/08/09 v5822 L3 Experimental boxes
\c_empty_box=\box29
\l_tmpa_box=\box30
\l_tmpb_box=\box31
\g_tmpa_box=\box32
\g_tmpb_box=\box33
L3 Module: l3coffins 2016/05/17 v6508 L3 Coffin code layer
\l__coffin_internal_box=\box34
\l__coffin_internal_dim=\dimen135
\l__coffin_offset_x_dim=\dimen136
\l__coffin_offset_y_dim=\dimen137
\l__coffin_x_dim=\dimen138
\l__coffin_y_dim=\dimen139
\l__coffin_x_prime_dim=\dimen140
\l__coffin_y_prime_dim=\dimen141
\c_empty_coffin=\box35
\l__coffin_aligned_coffin=\box36
\l__coffin_aligned_internal_coffin=\box37
\l_tmpa_coffin=\box38
\l_tmpb_coffin=\box39
\l__coffin_display_coffin=\box40
\l__coffin_display_coord_coffin=\box41
\l__coffin_display_pole_coffin=\box42
\l__coffin_display_offset_dim=\dimen142
\l__coffin_display_x_dim=\dimen143
\l__coffin_display_y_dim=\dimen144
L3 Module: l3color 2014/08/23 v5354 L3 Experimental color support
L3 Module: l3sys 2015/09/25 v6087 L3 Experimental system/runtime functions
L3 Module: l3candidates 2016/05/13 v6484 L3 Experimental additions to l3kernel
\l__box_top_dim=\dimen145
\l__box_bottom_dim=\dimen146
\l__box_left_dim=\dimen147
\l__box_right_dim=\dimen148
\l__box_top_new_dim=\dimen149
\l__box_bottom_new_dim=\dimen150
\l__box_left_new_dim=\dimen151
\l__box_right_new_dim=\dimen152
\l__box_internal_box=\box43
\l__coffin_bounding_shift_dim=\dimen153
\l__coffin_left_corner_dim=\dimen154
\l__coffin_right_corner_dim=\dimen155
\l__coffin_bottom_corner_dim=\dimen156
\l__coffin_top_corner_dim=\dimen157
\l__coffin_scaled_total_height_dim=\dimen158
\l__coffin_scaled_width_dim=\dimen159
L3 Module: l3luatex 2016/03/26 v6465 L3 Experimental LuaTeX-specific functions
)
(/usr/local/texlive/2016/texmf-dist/tex/latex/l3kernel/l3pdfmode.def
File: l3pdfmode.def 2016/03/26 v6465 L3 Experimental driver: PDF mode
\l__driver_color_stack_int=\count128
\l__driver_tmp_box=\box44
))
Package: xparse 2016/05/18 v6512 L3 Experimental document command parser
\l__xparse_current_arg_int=\count129
\l__xparse_m_args_int=\count130
\l__xparse_mandatory_args_int=\count131
\l__xparse_processor_int=\count132
\l__xparse_v_nesting_int=\count133
)
(/usr/local/texlive/2016/texmf-dist/tex/latex/etoolbox/etoolbox.sty
Package: etoolbox 2015/08/02 v2.2a e-TeX tools for LaTeX (JAW)
\etb@tempcnta=\count134
)
(/usr/local/texlive/2016/texmf-dist/tex/latex/oberdiek/zref-abspage.sty
Package: zref-abspage 2016/05/16 v2.25 Module abspage for zref (HO)

(/usr/local/texlive/2016/texmf-dist/tex/latex/oberdiek/zref-base.sty
Package: zref-base 2016/05/16 v2.25 Module base for zref (HO)

(/usr/local/texlive/2016/texmf-dist/tex/generic/oberdiek/kvdefinekeys.sty
Package: kvdefinekeys 2016/05/16 v1.4 Define keys (HO)
)
(/usr/local/texlive/2016/texmf-dist/tex/generic/oberdiek/pdftexcmds.sty
Package: pdftexcmds 2016/05/10 v0.21 Utility functions of pdfTeX for LuaTeX (HO)

Package pdftexcmds Info: \pdf@primitive is available.
Package pdftexcmds Info: \pdf@ifprimitive is available.
Package pdftexcmds Info: \pdfdraftmode not found.

(/usr/local/texlive/2016/texmf-dist/tex/generic/oberdiek/luatex-loader.sty
Package: luatex-loader 2016/05/16 v0.6 Lua module loader (HO)

(/usr/local/texlive/2016/texmf-dist/scripts/oberdiek/oberdiek.luatex.lua))
\pdftexcmds@toks=\toks31
)
(/usr/local/texlive/2016/texmf-dist/tex/latex/oberdiek/auxhook.sty
Package: auxhook 2016/05/16 v1.4 Hooks for auxiliary files (HO)
)
Package zref Info: New property list: main on input line 759.
Package zref Info: New property: default on input line 760.
Package zref Info: New property: page on input line 761.
)
(/usr/local/texlive/2016/texmf-dist/tex/generic/oberdiek/atbegshi.sty
Package: atbegshi 2016/05/16 v1.17 At begin shipout hook (HO)
)
\c@abspage=\count135
Package zref Info: New property: abspage on input line 62.
)
(/usr/local/texlive/2016/texmf-dist/tex/latex/needspace/needspace.sty
Package: needspace 2010/09/12 v1.3d reserve vertical space
)
\mdf@templength=\skip54
\c@mdf@globalstyle@cnt=\count136
\mdf@skipabove@length=\skip55
\mdf@skipbelow@length=\skip56
\mdf@leftmargin@length=\skip57
\mdf@rightmargin@length=\skip58
\mdf@innerleftmargin@length=\skip59
\mdf@innerrightmargin@length=\skip60
\mdf@innertopmargin@length=\skip61
\mdf@innerbottommargin@length=\skip62
\mdf@splittopskip@length=\skip63
\mdf@splitbottomskip@length=\skip64
\mdf@outermargin@length=\skip65
\mdf@innermargin@length=\skip66
\mdf@linewidth@length=\skip67
\mdf@innerlinewidth@length=\skip68
\mdf@middlelinewidth@length=\skip69
\mdf@outerlinewidth@length=\skip70
\mdf@roundcorner@length=\skip71
\mdf@footenotedistance@length=\skip72
\mdf@userdefinedwidth@length=\skip73
\mdf@needspace@length=\skip74
\mdf@frametitleaboveskip@length=\skip75
\mdf@frametitlebelowskip@length=\skip76
\mdf@frametitlerulewidth@length=\skip77
\mdf@frametitleleftmargin@length=\skip78
\mdf@frametitlerightmargin@length=\skip79
\mdf@shadowsize@length=\skip80
\mdf@extratopheight@length=\skip81
\mdf@subtitleabovelinewidth@length=\skip82
\mdf@subtitlebelowlinewidth@length=\skip83
\mdf@subtitleaboveskip@length=\skip84
\mdf@subtitlebelowskip@length=\skip85
\mdf@subtitleinneraboveskip@length=\skip86
\mdf@subtitleinnerbelowskip@length=\skip87
\mdf@subsubtitleabovelinewidth@length=\skip88
\mdf@subsubtitlebelowlinewidth@length=\skip89
\mdf@subsubtitleaboveskip@length=\skip90
\mdf@subsubtitlebelowskip@length=\skip91
\mdf@subsubtitleinneraboveskip@length=\skip92
\mdf@subsubtitleinnerbelowskip@length=\skip93

(/usr/local/texlive/2016/texmf-dist/tex/latex/mdframed/md-frame-0.mdf
File: md-frame-0.mdf 2013/07/01\ 1.9b: md-frame-0
)
\mdf@frametitlebox=\box45
\mdf@footnotebox=\box46
\mdf@splitbox@one=\box47
\mdf@splitbox@two=\box48
\mdf@splitbox@save=\box49
\mdfsplitboxwidth=\skip94
\mdfsplitboxtotalwidth=\skip95
\mdfsplitboxheight=\skip96
\mdfsplitboxdepth=\skip97
\mdfsplitboxtotalheight=\skip98
\mdfframetitleboxwidth=\skip99
\mdfframetitleboxtotalwidth=\skip100
\mdfframetitleboxheight=\skip101
\mdfframetitleboxdepth=\skip102
\mdfframetitleboxtotalheight=\skip103
\mdffootnoteboxwidth=\skip104
\mdffootnoteboxtotalwidth=\skip105
\mdffootnoteboxheight=\skip106
\mdffootnoteboxdepth=\skip107
\mdffootnoteboxtotalheight=\skip108
\mdftotallinewidth=\skip109
\mdfboundingboxwidth=\skip110
\mdfboundingboxtotalwidth=\skip111
\mdfboundingboxheight=\skip112
\mdfboundingboxdepth=\skip113
\mdfboundingboxtotalheight=\skip114
\mdf@freevspace@length=\skip115
\mdf@horizontalwidthofbox@length=\skip116
\mdf@verticalmarginwhole@length=\skip117
\mdf@horizontalspaceofbox=\skip118
\mdfsubtitleheight=\skip119
\mdfsubsubtitleheight=\skip120
\c@mdfcountframes=\count137

****** mdframed patching \endmdf@trivlist

****** -- success******

.................................................
. LaTeX info: "xparse/define-command"
. 
. Defining command \newmdtheoremenv with sig. 'O{} m o m o ' on line 601.
.................................................
.................................................
. LaTeX info: "xparse/define-command"
. 
. Defining command \mdtheorem with sig. ' O{} m o m o ' on line 701.
.................................................
\mdf@envdepth=\count138
\c@mdf@env@i=\count139
\c@mdf@env@ii=\count140
\c@mdf@zref@counter=\count141
Package zref Info: New property: mdf@pagevalue on input line 895.
)
(/usr/local/texlive/2016/texmf-dist/tex/latex/listings/listings.sty
\lst@mode=\count142
\lst@gtempboxa=\box50
\lst@token=\toks32
\lst@length=\count143
\lst@currlwidth=\dimen160
\lst@column=\count144
\lst@pos=\count145
\lst@lostspace=\dimen161
\lst@width=\dimen162
\lst@newlines=\count146
\lst@lineno=\count147
\lst@maxwidth=\dimen163

(/usr/local/texlive/2016/texmf-dist/tex/latex/listings/lstmisc.sty
File: lstmisc.sty 2015/06/04 1.6 (Carsten Heinz)
\c@lstnumber=\count148
\lst@skipnumbers=\count149
\lst@framebox=\box51
)
(/usr/local/texlive/2016/texmf-dist/tex/latex/listings/listings.cfg
File: listings.cfg 2015/06/04 1.6 listings configuration
))
Package: listings 2015/06/04 1.6 (Carsten Heinz)

(/usr/local/texlive/2016/texmf-dist/tex/latex/xcolor/xcolor.sty
Package: xcolor 2016/05/11 v2.12 LaTeX color extensions (UK)

(/usr/local/texlive/2016/texmf-dist/tex/latex/graphics-cfg/color.cfg
File: color.cfg 2016/01/02 v1.6 sample color configuration
)
Package xcolor Info: Driver file: luatex.def on input line 225.
LaTeX Info: Redefining \color on input line 709.
Package xcolor Info: Model `cmy' substituted by `cmy0' on input line 1348.
Package xcolor Info: Model `hsb' substituted by `rgb' on input line 1352.
Package xcolor Info: Model `RGB' extended on input line 1364.
Package xcolor Info: Model `HTML' substituted by `rgb' on input line 1366.
Package xcolor Info: Model `Hsb' substituted by `hsb' on input line 1367.
Package xcolor Info: Model `tHsb' substituted by `hsb' on input line 1368.
Package xcolor Info: Model `HSB' substituted by `hsb' on input line 1369.
Package xcolor Info: Model `Gray' substituted by `gray' on input line 1370.
Package xcolor Info: Model `wave' substituted by `hsb' on input line 1371.
)
(/usr/local/texlive/2016/texmf-dist/tex/latex/subfigure/subfigure.sty
Package: subfigure 2002/03/15 v2.1.5 subfigure package
\subfigtopskip=\skip121
\subfigcapskip=\skip122
\subfigcaptopadj=\dimen164
\subfigbottomskip=\skip123
\subfigcapmargin=\dimen165
\subfiglabelskip=\skip124
\c@subfigure=\count150
\c@lofdepth=\count151
\c@subtable=\count152
\c@lotdepth=\count153

****************************************
* Local config file subfigure.cfg used *
****************************************
(/usr/local/texlive/2016/texmf-dist/tex/latex/subfigure/subfigure.cfg)
\subfig@top=\skip125
\subfig@bottom=\skip126
)
(/usr/local/texlive/2016/texmf-dist/tex/latex/hyperref/hyperref.sty
Package: hyperref 2016/05/05 v6.83n Hypertext links for LaTeX

(/usr/local/texlive/2016/texmf-dist/tex/generic/luatex85/luatex85.sty
Package: luatex85 2016/03/01 v1.0 pdftex aliases for luatex
)
(/usr/local/texlive/2016/texmf-dist/tex/generic/oberdiek/hobsub-hyperref.sty
Package: hobsub-hyperref 2016/05/16 v1.14 Bundle oberdiek, subset hyperref (HO)

(/usr/local/texlive/2016/texmf-dist/tex/generic/oberdiek/hobsub-generic.sty
Package: hobsub-generic 2016/05/16 v1.14 Bundle oberdiek, subset generic (HO)
Package: hobsub 2016/05/16 v1.14 Construct package bundles (HO)
Package hobsub Info: Skipping package `infwarerr' (already loaded).
Package hobsub Info: Skipping package `ltxcmds' (already loaded).
Package hobsub Info: Skipping package `ifluatex' (already loaded).
Package hobsub Info: Skipping package `ifvtex' (already loaded).
Package: intcalc 2016/05/16 v1.2 Expandable calculations with integers (HO)
Package hobsub Info: Skipping package `ifpdf' (already loaded).
Package hobsub Info: Skipping package `etexcmds' (already loaded).
Package hobsub Info: Skipping package `kvsetkeys' (already loaded).
Package hobsub Info: Skipping package `kvdefinekeys' (already loaded).
Package hobsub Info: Skipping package `luatex-loader' (already loaded).
Package hobsub Info: Skipping package `pdftexcmds' (already loaded).
Package: pdfescape 2016/05/16 v1.14 Implements pdfTeX's escape features (HO)
Package: bigintcalc 2016/05/16 v1.4 Expandable calculations on big integers (HO)

Package: bitset 2016/05/16 v1.2 Handle bit-vector datatype (HO)
Package: uniquecounter 2016/05/16 v1.3 Provide unlimited unique counter (HO)
)
Package hobsub Info: Skipping package `hobsub' (already loaded).
Package: letltxmacro 2016/05/16 v1.5 Let assignment for LaTeX macros (HO)
Package: hopatch 2016/05/16 v1.3 Wrapper for package hooks (HO)
Package: xcolor-patch 2016/05/16 xcolor patch
Package: atveryend 2016/05/16 v1.9 Hooks at the very end of document (HO)
Package hobsub Info: Skipping package `atbegshi' (already loaded).
Package: refcount 2016/05/16 v3.5 Data extraction from label references (HO)
Package: hycolor 2016/05/16 v1.8 Color options for hyperref/bookmark (HO)
)
\@linkdim=\dimen166
\Hy@linkcounter=\count154
\Hy@pagecounter=\count155

(/usr/local/texlive/2016/texmf-dist/tex/latex/hyperref/pd1enc.def
File: pd1enc.def 2016/05/05 v6.83n Hyperref: PDFDocEncoding definition (HO)
)
\Hy@SavedSpaceFactor=\count156

(/usr/local/texlive/2016/texmf-dist/tex/latex/latexconfig/hyperref.cfg
File: hyperref.cfg 2002/06/06 v1.2 hyperref configuration of TeXLive
)
Package hyperref Info: Hyper figures OFF on input line 4446.
Package hyperref Info: Link nesting OFF on input line 4451.
Package hyperref Info: Hyper index ON on input line 4454.
Package hyperref Info: Plain pages OFF on input line 4461.
Package hyperref Info: Backreferencing OFF on input line 4466.
Package hyperref Info: Implicit mode ON; LaTeX internals redefined.
Package hyperref Info: Bookmarks ON on input line 4691.
\c@Hy@tempcnt=\count157

(/usr/local/texlive/2016/texmf-dist/tex/latex/url/url.sty
\Urlmuskip=\muskip17
Package: url 2013/09/16  ver 3.4  Verb mode for urls, etc.
)
LaTeX Info: Redefining \url on input line 5044.
\XeTeXLinkMargin=\dimen167
\Fld@menulength=\count158
\Field@Width=\dimen168
\Fld@charsize=\dimen169
Package hyperref Info: Hyper figures OFF on input line 6298.
Package hyperref Info: Link nesting OFF on input line 6303.
Package hyperref Info: Hyper index ON on input line 6306.
Package hyperref Info: backreferencing OFF on input line 6313.
Package hyperref Info: Link coloring OFF on input line 6318.
Package hyperref Info: Link coloring with OCG OFF on input line 6323.
Package hyperref Info: PDF/A mode OFF on input line 6328.
LaTeX Info: Redefining \ref on input line 6368.
LaTeX Info: Redefining \pageref on input line 6372.
\Hy@abspage=\count159
\c@Item=\count160
\c@Hfootnote=\count161
)

Package hyperref Message: Driver (autodetected): hpdftex.

(/usr/local/texlive/2016/texmf-dist/tex/latex/hyperref/hpdftex.def
File: hpdftex.def 2016/05/05 v6.83n Hyperref driver for pdfTeX
\HyAnn@Count=\count162
\Fld@listcount=\count163
\c@bookmark@seq@number=\count164

(/usr/local/texlive/2016/texmf-dist/tex/latex/oberdiek/rerunfilecheck.sty
Package: rerunfilecheck 2016/05/16 v1.8 Rerun checks for auxiliary files (HO)
Package uniquecounter Info: New unique counter `rerunfilecheck' on input line 28
2.
)
\Hy@SectionHShift=\skip127
)
(/usr/local/texlive/2016/texmf-dist/tex/latex/booktabs/booktabs.sty
Package: booktabs 2016/04/27 v1.618033 publication quality tables
\heavyrulewidth=\dimen170
\lightrulewidth=\dimen171
\cmidrulewidth=\dimen172
\belowrulesep=\dimen173
\belowbottomsep=\dimen174
\aboverulesep=\dimen175
\abovetopsep=\dimen176
\cmidrulesep=\dimen177
\cmidrulekern=\dimen178
\defaultaddspace=\dimen179
\@cmidla=\count165
\@cmidlb=\count166
\@aboverulesep=\dimen180
\@belowrulesep=\dimen181
\@thisruleclass=\count167
\@lastruleclass=\count168
\@thisrulewidth=\dimen182
)
(./FinalReport.aux

LaTeX Warning: Label `bc_algo3' multiply defined.

)
\openout1 = FinalReport.aux

LaTeX Font Info:    Checking defaults for OML/cmm/m/it on input line 28.
LaTeX Font Info:    ... okay on input line 28.
LaTeX Font Info:    Checking defaults for T1/cmr/m/n on input line 28.
LaTeX Font Info:    ... okay on input line 28.
LaTeX Font Info:    Checking defaults for OT1/cmr/m/n on input line 28.
LaTeX Font Info:    ... okay on input line 28.
LaTeX Font Info:    Checking defaults for OMS/cmsy/m/n on input line 28.
LaTeX Font Info:    ... okay on input line 28.
LaTeX Font Info:    Checking defaults for OMX/cmex/m/n on input line 28.
LaTeX Font Info:    ... okay on input line 28.
LaTeX Font Info:    Checking defaults for U/cmr/m/n on input line 28.
LaTeX Font Info:    ... okay on input line 28.
LaTeX Font Info:    Checking defaults for PD1/pdf/m/n on input line 28.
LaTeX Font Info:    ... okay on input line 28.

*geometry* driver: auto-detecting
*geometry* detected driver: pdftex
*geometry* verbose mode - [ preamble ] result:
* driver: pdftex
* paper: <default>
* layout: <same size as paper>
* layoutoffset:(h,v)=(0.0pt,0.0pt)
* modes: 
* h-part:(L,W,R)=(72.26999pt, 469.75502pt, 72.26999pt)
* v-part:(T,H,B)=(72.26999pt, 650.43001pt, 72.26999pt)
* \paperwidth=614.295pt
* \paperheight=794.96999pt
* \textwidth=469.75502pt
* \textheight=650.43001pt
* \oddsidemargin=0.0pt
* \evensidemargin=0.0pt
* \topmargin=-37.0pt
* \headheight=12.0pt
* \headsep=25.0pt
* \topskip=10.0pt
* \footskip=30.0pt
* \marginparwidth=65.0pt
* \marginparsep=11.0pt
* \columnsep=10.0pt
* \skip\footins=9.0pt plus 4.0pt minus 2.0pt
* \hoffset=0.0pt
* \voffset=0.0pt
* \mag=1000
* \@twocolumnfalse
* \@twosidefalse
* \@mparswitchfalse
* \@reversemarginfalse
* (1in=72.27pt=25.4mm, 1cm=28.453pt)

(/usr/local/texlive/2016/texmf-dist/tex/context/base/mkii/supp-pdf.mkii
[Loading MPS to PDF converter (version 2006.09.02).]
\scratchcounter=\count169
\scratchdimen=\dimen183
\scratchbox=\box52
\nofMPsegments=\count170
\nofMParguments=\count171
\everyMPshowfont=\toks33
\MPscratchCnt=\count172
\MPscratchDim=\dimen184
\MPnumerator=\count173
\makeMPintoPDFobject=\count174
\everyMPtoPDFconversion=\toks34
) (/usr/local/texlive/2016/texmf-dist/tex/latex/oberdiek/epstopdf-base.sty
Package: epstopdf-base 2016/05/15 v2.6 Base part for package epstopdf

(/usr/local/texlive/2016/texmf-dist/tex/latex/oberdiek/grfext.sty
Package: grfext 2016/05/16 v1.2 Manage graphics extensions (HO)
)
Package epstopdf-base Info: Redefining graphics rule for `.eps' on input line 43
8.
Package grfext Info: Graphics extension search list:
(grfext)             [.png,.pdf,.jpg,.mps,.jpeg,.jbig2,.jb2,.PNG,.PDF,.JPG,.JPEG
,.JBIG2,.JB2,.eps]
(grfext)             \AppendGraphicsExtensions on input line 456.

(/usr/local/texlive/2016/texmf-dist/tex/latex/latexconfig/epstopdf-sys.cfg
File: epstopdf-sys.cfg 2010/07/13 v1.3 Configuration of (r)epstopdf for TeX Live

))
\AtBeginShipoutBox=\box53
\c@lstlisting=\count175
Package hyperref Info: Link coloring OFF on input line 28.

(/usr/local/texlive/2016/texmf-dist/tex/latex/hyperref/nameref.sty
Package: nameref 2012/10/27 v2.43 Cross-referencing by name of section

(/usr/local/texlive/2016/texmf-dist/tex/generic/oberdiek/gettitlestring.sty
Package: gettitlestring 2016/05/16 v1.5 Cleanup title references (HO)
)
\c@section@level=\count176
)
LaTeX Info: Redefining \ref on input line 28.
LaTeX Info: Redefining \pageref on input line 28.
LaTeX Info: Redefining \nameref on input line 28.

(./FinalReport.out) (./FinalReport.out)
\@outlinefile=\write3

\openout3 = FinalReport.out
LaTeX Font Info:    Try loading font information for U+msa on input line 30.

(/usr/local/texlive/2016/texmf-dist/tex/latex/amsfonts/umsa.fd
File: umsa.fd 2013/01/14 v3.01 AMS symbols A
)
LaTeX Font Info:    Try loading font information for U+msb on input line 30.

(/usr/local/texlive/2016/texmf-dist/tex/latex/amsfonts/umsb.fd
File: umsb.fd 2013/01/14 v3.01 AMS symbols B
)
Underfull \hbox (badness 10000) in paragraph at lines 41--42

 []


Underfull \hbox (badness 10000) in paragraph at lines 43--44

 []

[1

{/usr/local/texlive/2016/texmf-var/fonts/map/pdftex/updmap/pdftex.map}]
LaTeX Font Info:    Try loading font information for OML+cmr on input line 67.

(/usr/local/texlive/2016/texmf-dist/tex/latex/base/omlcmr.fd
File: omlcmr.fd 2014/09/29 v2.5h Standard LaTeX font definitions
)
LaTeX Font Info:    Font shape `OML/cmr/m/n' in size <10> not available
(Font)              Font shape `OML/cmm/m/it' tried instead on input line 67.

Underfull \hbox (badness 10000) in paragraph at lines 79--80

 []


Overfull \hbox (513.56055pt too wide) in paragraph at lines 87--89
[]
 []


Underfull \hbox (badness 10000) in paragraph at lines 90--91

 []


Underfull \hbox (badness 10000) in paragraph at lines 94--96

 []


Underfull \hbox (badness 10000) in paragraph at lines 97--98

 []


LaTeX Warning: Citation `bc_algo4' on page 2 undefined on input line 99.


Underfull \hbox (badness 10000) in paragraph at lines 99--100

 []

[2]
Underfull \hbox (badness 10000) in paragraph at lines 101--102

 []


Underfull \hbox (badness 10000) in paragraph at lines 114--115

 []

Missing character: There is no − (U+2212) in font cmr10!
Missing character: There is no − (U+2212) in font cmr10!

Underfull \hbox (badness 10000) in paragraph at lines 135--139

 []

LaTeX Font Info:    Try loading font information for OMS+cmr on input line 139.
(/usr/local/texlive/2016/texmf-dist/tex/latex/base/omscmr.fd
File: omscmr.fd 2014/09/29 v2.5h Standard LaTeX font definitions
)
LaTeX Font Info:    Font shape `OMS/cmr/m/n' in size <10> not available
(Font)              Font shape `OMS/cmsy/m/n' tried instead on input line 139.

Underfull \hbox (badness 10000) in paragraph at lines 139--140

 []


Underfull \hbox (badness 10000) in paragraph at lines 151--153

 []

[3]
Underfull \hbox (badness 10000) in paragraph at lines 184--185

 []

<final_images/expected_degree.png, id=172, 462.528pt x 346.896pt>
File: final_images/expected_degree.png Graphic file (type png)

<use final_images/expected_degree.png>
Package luatex.def Info: final_images/expected_degree.png used on input line 188
.
(luatex.def)             Requested size: 227.62204pt x 170.71628pt.

<final_images/alpha.png, id=173, 462.528pt x 346.896pt>
File: final_images/alpha.png Graphic file (type png)

<use final_images/alpha.png>
Package luatex.def Info: final_images/alpha.png used on input line 190.
(luatex.def)             Requested size: 227.62204pt x 170.71628pt.

<final_images/beta.png, id=174, 462.528pt x 346.896pt>
File: final_images/beta.png Graphic file (type png)

<use final_images/beta.png>
Package luatex.def Info: final_images/beta.png used on input line 192.
(luatex.def)             Requested size: 227.62204pt x 170.71628pt.
 [4] [5<./final_images/expected_degree.png><./final_images/alpha.png><./final_im
ages/beta.png>] [6]

Package hyperref Warning: Token not allowed in a PDF string (PDFDocEncoding):
(hyperref)                removing `math shift' on input line 264.


Package hyperref Warning: Token not allowed in a PDF string (PDFDocEncoding):
(hyperref)                removing `\alpha' on input line 264.


Package hyperref Warning: Token not allowed in a PDF string (PDFDocEncoding):
(hyperref)                removing `\beta' on input line 264.


Package hyperref Warning: Token not allowed in a PDF string (PDFDocEncoding):
(hyperref)                removing `math shift' on input line 264.

<final_images/m1_prbc.png, id=231, 462.528pt x 346.896pt>
File: final_images/m1_prbc.png Graphic file (type png)

<use final_images/m1_prbc.png>
Package luatex.def Info: final_images/m1_prbc.png used on input line 273.
(luatex.def)             Requested size: 227.62204pt x 170.71628pt.

<final_images/m2_prbc.png, id=232, 462.528pt x 346.896pt>
File: final_images/m2_prbc.png Graphic file (type png)

<use final_images/m2_prbc.png>
Package luatex.def Info: final_images/m2_prbc.png used on input line 275.
(luatex.def)             Requested size: 227.62204pt x 170.71628pt.

<final_images/m3_prbc.png, id=233, 462.528pt x 346.896pt>
File: final_images/m3_prbc.png Graphic file (type png)

<use final_images/m3_prbc.png>
Package luatex.def Info: final_images/m3_prbc.png used on input line 277.
(luatex.def)             Requested size: 227.62204pt x 170.71628pt.

<final_images/m4_prbc.png, id=234, 462.528pt x 346.896pt>
File: final_images/m4_prbc.png Graphic file (type png)

<use final_images/m4_prbc.png>
Package luatex.def Info: final_images/m4_prbc.png used on input line 279.
(luatex.def)             Requested size: 227.62204pt x 170.71628pt.

<final_images/m5_prbc.png, id=235, 462.528pt x 346.896pt>
File: final_images/m5_prbc.png Graphic file (type png)

<use final_images/m5_prbc.png>
Package luatex.def Info: final_images/m5_prbc.png used on input line 281.
(luatex.def)             Requested size: 227.62204pt x 170.71628pt.

<final_images/m6_prbc.png, id=236, 462.528pt x 346.896pt>
File: final_images/m6_prbc.png Graphic file (type png)

<use final_images/m6_prbc.png>
Package luatex.def Info: final_images/m6_prbc.png used on input line 283.
(luatex.def)             Requested size: 227.62204pt x 170.71628pt.

<final_images/m1_bcpr.png, id=237, 462.528pt x 346.896pt>
File: final_images/m1_bcpr.png Graphic file (type png)

<use final_images/m1_bcpr.png>
Package luatex.def Info: final_images/m1_bcpr.png used on input line 292.
(luatex.def)             Requested size: 227.62204pt x 170.71628pt.

<final_images/m2_bcpr.png, id=238, 462.528pt x 346.896pt>
File: final_images/m2_bcpr.png Graphic file (type png)

<use final_images/m2_bcpr.png>
Package luatex.def Info: final_images/m2_bcpr.png used on input line 294.
(luatex.def)             Requested size: 227.62204pt x 170.71628pt.

<final_images/m3_bcpr.png, id=239, 462.528pt x 346.896pt>
File: final_images/m3_bcpr.png Graphic file (type png)

<use final_images/m3_bcpr.png>
Package luatex.def Info: final_images/m3_bcpr.png used on input line 296.
(luatex.def)             Requested size: 227.62204pt x 170.71628pt.

<final_images/m4_bcpr.png, id=240, 462.528pt x 346.896pt>
File: final_images/m4_bcpr.png Graphic file (type png)

<use final_images/m4_bcpr.png>
Package luatex.def Info: final_images/m4_bcpr.png used on input line 298.
(luatex.def)             Requested size: 227.62204pt x 170.71628pt.

<final_images/m5_bcpr.png, id=241, 462.528pt x 346.896pt>
File: final_images/m5_bcpr.png Graphic file (type png)

<use final_images/m5_bcpr.png>
Package luatex.def Info: final_images/m5_bcpr.png used on input line 300.
(luatex.def)             Requested size: 227.62204pt x 170.71628pt.

<final_images/m6_bcpr.png, id=242, 462.528pt x 346.896pt>
File: final_images/m6_bcpr.png Graphic file (type png)

<use final_images/m6_bcpr.png>
Package luatex.def Info: final_images/m6_bcpr.png used on input line 302.
(luatex.def)             Requested size: 227.62204pt x 170.71628pt.


LaTeX Warning: No positions in optional float specifier.
               Default added (so using `tbp') on input line 315.

<final_images/corrs_relation.png, id=245, 512.3943pt x 346.896pt>
File: final_images/corrs_relation.png Graphic file (type png)

<use final_images/corrs_relation.png>
Package luatex.def Info: final_images/corrs_relation.png used on input line 341.

(luatex.def)             Requested size: 512.39305pt x 346.89514pt.

Overfull \hbox (42.63803pt too wide) in paragraph at lines 341--342
[][] 
 []


Package hyperref Warning: Token not allowed in a PDF string (PDFDocEncoding):
(hyperref)                removing `math shift' on input line 350.


Package hyperref Warning: Token not allowed in a PDF string (PDFDocEncoding):
(hyperref)                removing `\alpha' on input line 350.


Package hyperref Warning: Token not allowed in a PDF string (PDFDocEncoding):
(hyperref)                removing `\not' on input line 350.


Package hyperref Warning: Token not allowed in a PDF string (PDFDocEncoding):
(hyperref)                removing `\beta' on input line 350.


Package hyperref Warning: Token not allowed in a PDF string (PDFDocEncoding):
(hyperref)                removing `math shift' on input line 350.


Underfull \hbox (badness 10000) in paragraph at lines 354--356

 []

<final_images/case2_m1_prbc.png, id=248, 456.0237pt x 346.896pt>
File: final_images/case2_m1_prbc.png Graphic file (type png)

<use final_images/case2_m1_prbc.png>
Package luatex.def Info: final_images/case2_m1_prbc.png used on input line 359.
(luatex.def)             Requested size: 227.62204pt x 173.15114pt.

<final_images/case2_m2_prbc.png, id=249, 462.528pt x 346.896pt>
File: final_images/case2_m2_prbc.png Graphic file (type png)

<use final_images/case2_m2_prbc.png>
Package luatex.def Info: final_images/case2_m2_prbc.png used on input line 361.
(luatex.def)             Requested size: 227.62204pt x 170.71628pt.

<final_images/case2_m3_prbc.png, id=250, 462.528pt x 346.896pt>
File: final_images/case2_m3_prbc.png Graphic file (type png)

<use final_images/case2_m3_prbc.png>
Package luatex.def Info: final_images/case2_m3_prbc.png used on input line 363.
(luatex.def)             Requested size: 227.62204pt x 170.71628pt.

<final_images/case2_m4_prbc.png, id=251, 462.528pt x 346.896pt>
File: final_images/case2_m4_prbc.png Graphic file (type png)

<use final_images/case2_m4_prbc.png>
Package luatex.def Info: final_images/case2_m4_prbc.png used on input line 365.
(luatex.def)             Requested size: 227.62204pt x 170.71628pt.

<final_images/case2_m5_prbc.png, id=252, 462.528pt x 346.896pt>
File: final_images/case2_m5_prbc.png Graphic file (type png)

<use final_images/case2_m5_prbc.png>
Package luatex.def Info: final_images/case2_m5_prbc.png used on input line 367.
(luatex.def)             Requested size: 227.62204pt x 170.71628pt.

<final_images/case2_m6_prbc.png, id=253, 462.528pt x 346.896pt>
File: final_images/case2_m6_prbc.png Graphic file (type png)

<use final_images/case2_m6_prbc.png>
Package luatex.def Info: final_images/case2_m6_prbc.png used on input line 369.
(luatex.def)             Requested size: 227.62204pt x 170.71628pt.
 [7
Missing character: There is no — (U+2014) in font cmr10!
] [8<./final_images/m1_prbc.png><./final_images/m2_prbc.png><./final_images/m3_p
rbc.png><./final_images/m4_prbc.png><./final_images/m5_prbc.png><./final_images/
m6_prbc.png>] [9<./final_images/m1_bcpr.png><./final_images/m2_bcpr.png><./final
_images/m3_bcpr.png><./final_images/m4_bcpr.png><./final_images/m5_bcpr.png><./f
inal_images/m6_bcpr.png>] [10<./final_images/corrs_relation.png>]
<final_images/case2_m1_bcpr.png, id=309, 462.528pt x 346.896pt>
File: final_images/case2_m1_bcpr.png Graphic file (type png)

<use final_images/case2_m1_bcpr.png>
Package luatex.def Info: final_images/case2_m1_bcpr.png used on input line 378.
(luatex.def)             Requested size: 227.62204pt x 170.71628pt.

<final_images/case2_m2_bcpr.png, id=310, 462.528pt x 346.896pt>
File: final_images/case2_m2_bcpr.png Graphic file (type png)

<use final_images/case2_m2_bcpr.png>
Package luatex.def Info: final_images/case2_m2_bcpr.png used on input line 380.
(luatex.def)             Requested size: 227.62204pt x 170.71628pt.

<final_images/case2_m3_bcpr.png, id=311, 462.528pt x 346.896pt>
File: final_images/case2_m3_bcpr.png Graphic file (type png)

<use final_images/case2_m3_bcpr.png>
Package luatex.def Info: final_images/case2_m3_bcpr.png used on input line 382.
(luatex.def)             Requested size: 227.62204pt x 170.71628pt.

<final_images/case2_m4_bcpr.png, id=312, 462.528pt x 346.896pt>
File: final_images/case2_m4_bcpr.png Graphic file (type png)

<use final_images/case2_m4_bcpr.png>
Package luatex.def Info: final_images/case2_m4_bcpr.png used on input line 384.
(luatex.def)             Requested size: 227.62204pt x 170.71628pt.

<final_images/case2_m5_bcpr.png, id=313, 462.528pt x 346.896pt>
File: final_images/case2_m5_bcpr.png Graphic file (type png)

<use final_images/case2_m5_bcpr.png>
Package luatex.def Info: final_images/case2_m5_bcpr.png used on input line 386.
(luatex.def)             Requested size: 227.62204pt x 170.71628pt.

<final_images/case2_m6_bcpr.png, id=314, 462.528pt x 346.896pt>
File: final_images/case2_m6_bcpr.png Graphic file (type png)

<use final_images/case2_m6_bcpr.png>
Package luatex.def Info: final_images/case2_m6_bcpr.png used on input line 388.
(luatex.def)             Requested size: 227.62204pt x 170.71628pt.
 [11<./final_images/case2_m1_prbc.png><./final_images/case2_m2_prbc.png><./final
_images/case2_m3_prbc.png><./final_images/case2_m4_prbc.png><./final_images/case
2_m5_prbc.png><./final_images/case2_m6_prbc.png>] [12<./final_images/case2_m1_bc
pr.png><./final_images/case2_m2_bcpr.png><./final_images/case2_m3_bcpr.png><./fi
nal_images/case2_m4_bcpr.png><./final_images/case2_m5_bcpr.png><./final_images/c
ase2_m6_bcpr.png>]
File: final_images/case2_m3_bcpr.png Graphic file (type png)

<use final_images/case2_m3_bcpr.png>
Package luatex.def Info: final_images/case2_m3_bcpr.png used on input line 400.
(luatex.def)             Requested size: 227.62204pt x 170.71628pt.

<final_images/case2_m3_bcpr_alt1.png, id=352, 462.528pt x 346.896pt>
File: final_images/case2_m3_bcpr_alt1.png Graphic file (type png)

<use final_images/case2_m3_bcpr_alt1.png>
Package luatex.def Info: final_images/case2_m3_bcpr_alt1.png used on input line 
402.
(luatex.def)             Requested size: 227.62204pt x 170.71628pt.

<final_images/case2_m3_bcpr_alt2.png, id=353, 462.528pt x 346.896pt>
File: final_images/case2_m3_bcpr_alt2.png Graphic file (type png)

<use final_images/case2_m3_bcpr_alt2.png>
Package luatex.def Info: final_images/case2_m3_bcpr_alt2.png used on input line 
404.
(luatex.def)             Requested size: 227.62204pt x 170.71628pt.

<final_images/case2_m3_bcpr_alt3.png, id=354, 462.528pt x 346.896pt>
File: final_images/case2_m3_bcpr_alt3.png Graphic file (type png)

<use final_images/case2_m3_bcpr_alt3.png>
Package luatex.def Info: final_images/case2_m3_bcpr_alt3.png used on input line 
406.
(luatex.def)             Requested size: 227.62204pt x 170.71628pt.


LaTeX Warning: No positions in optional float specifier.
               Default added (so using `tbp') on input line 420.

<final_images/case2_corrs_relation.png, id=357, 519.6213pt x 346.896pt>
File: final_images/case2_corrs_relation.png Graphic file (type png)

<use final_images/case2_corrs_relation.png>
Package luatex.def Info: final_images/case2_corrs_relation.png used on input lin
e 449.
(luatex.def)             Requested size: 519.62003pt x 346.89514pt.

Overfull \hbox (49.865pt too wide) in paragraph at lines 449--450
[][] 
 []

[13<./final_images/case2_m3_bcpr_alt1.png><./final_images/case2_m3_bcpr_alt2.png
><./final_images/case2_m3_bcpr_alt3.png>] [14<./final_images/case2_corrs_relatio
n.png>]
Underfull \hbox (badness 10000) in paragraph at lines 478--479

 []


Underfull \hbox (badness 10000) in paragraph at lines 480--481

 []

<final_images/0d1.png, id=385, 462.528pt x 346.896pt>
File: final_images/0d1.png Graphic file (type png)

<use final_images/0d1.png>
Package luatex.def Info: final_images/0d1.png used on input line 484.
(luatex.def)             Requested size: 227.62204pt x 170.71628pt.

<final_images/0d2.png, id=386, 462.528pt x 346.896pt>
File: final_images/0d2.png Graphic file (type png)

<use final_images/0d2.png>
Package luatex.def Info: final_images/0d2.png used on input line 486.
(luatex.def)             Requested size: 227.62204pt x 170.71628pt.

<final_images/0d3.png, id=387, 462.528pt x 346.896pt>
File: final_images/0d3.png Graphic file (type png)

<use final_images/0d3.png>
Package luatex.def Info: final_images/0d3.png used on input line 488.
(luatex.def)             Requested size: 227.62204pt x 170.71628pt.

<final_images/0d4.png, id=388, 462.528pt x 346.896pt>
File: final_images/0d4.png Graphic file (type png)

<use final_images/0d4.png>
Package luatex.def Info: final_images/0d4.png used on input line 490.
(luatex.def)             Requested size: 227.62204pt x 170.71628pt.

<final_images/0d5.png, id=389, 462.528pt x 346.896pt>
File: final_images/0d5.png Graphic file (type png)

<use final_images/0d5.png>
Package luatex.def Info: final_images/0d5.png used on input line 492.
(luatex.def)             Requested size: 227.62204pt x 170.71628pt.

<final_images/avgd0.png, id=390, 462.528pt x 346.896pt>
File: final_images/avgd0.png Graphic file (type png)

<use final_images/avgd0.png>
Package luatex.def Info: final_images/avgd0.png used on input line 494.
(luatex.def)             Requested size: 227.62204pt x 170.71628pt.

Underfull \hbox (badness 10000) in paragraph at lines 501--502

 []

<final_images/d00.png, id=391, 462.528pt x 346.896pt>
File: final_images/d00.png Graphic file (type png)

<use final_images/d00.png>
Package luatex.def Info: final_images/d00.png used on input line 514.
(luatex.def)             Requested size: 227.62204pt x 170.71628pt.

<final_images/d25.png, id=392, 462.528pt x 346.896pt>
File: final_images/d25.png Graphic file (type png)

<use final_images/d25.png>
Package luatex.def Info: final_images/d25.png used on input line 516.
(luatex.def)             Requested size: 227.62204pt x 170.71628pt.

<final_images/d50.png, id=393, 462.528pt x 346.896pt>
File: final_images/d50.png Graphic file (type png)

<use final_images/d50.png>
Package luatex.def Info: final_images/d50.png used on input line 518.
(luatex.def)             Requested size: 227.62204pt x 170.71628pt.

<final_images/d75.png, id=394, 462.528pt x 346.896pt>
File: final_images/d75.png Graphic file (type png)

<use final_images/d75.png>
Package luatex.def Info: final_images/d75.png used on input line 520.
(luatex.def)             Requested size: 227.62204pt x 170.71628pt.

<final_images/d100.png, id=395, 462.528pt x 346.896pt>
File: final_images/d100.png Graphic file (type png)

<use final_images/d100.png>
Package luatex.def Info: final_images/d100.png used on input line 522.
(luatex.def)             Requested size: 227.62204pt x 170.71628pt.

<final_images/avgsam.png, id=396, 462.528pt x 346.896pt>
File: final_images/avgsam.png Graphic file (type png)

<use final_images/avgsam.png>
Package luatex.def Info: final_images/avgsam.png used on input line 524.
(luatex.def)             Requested size: 227.62204pt x 170.71628pt.
 [15] [16<./final_images/0d1.png><./final_images/0d2.png><./final_images/0d3.png
><./final_images/0d4.png><./final_images/0d5.png><./final_images/avgd0.png>] [1
7<./final_images/d00.png><./final_images/d25.png><./final_images/d50.png><./fina
l_images/d75.png><./final_images/d100.png><./final_images/avgsam.png>]
Underfull \hbox (badness 10000) in paragraph at lines 544--545

 []


Underfull \hbox (badness 10000) in paragraph at lines 547--573

 []


Underfull \hbox (badness 10000) in paragraph at lines 547--573

 []


Underfull \hbox (badness 10000) in paragraph at lines 574--575

 []

<final_images/wiki_vote_fit1.png, id=450, 462.528pt x 346.896pt>
File: final_images/wiki_vote_fit1.png Graphic file (type png)

<use final_images/wiki_vote_fit1.png>
Package luatex.def Info: final_images/wiki_vote_fit1.png used on input line 582.

(luatex.def)             Requested size: 284.54124pt x 227.62346pt.

Underfull \hbox (badness 10000) in paragraph at lines 586--587

 []

<final_images/wikivote.png, id=452, 462.528pt x 346.896pt>
File: final_images/wikivote.png Graphic file (type png)

<use final_images/wikivote.png>
Package luatex.def Info: final_images/wikivote.png used on input line 591.
(luatex.def)             Requested size: 284.54124pt x 227.62346pt.


LaTeX Warning: Reference `wiki_vote' on page 18 undefined on input line 596.


Underfull \hbox (badness 10000) in paragraph at lines 596--597

 []


Underfull \hbox (badness 10000) in paragraph at lines 598--599

 []

[18] [19<./final_images/wiki_vote_fit1.png><./final_images/wikivote.png>]
<final_images/wikisim.png, id=478, 462.528pt x 358.4592pt>
File: final_images/wikisim.png Graphic file (type png)

<use final_images/wikisim.png>
Package luatex.def Info: final_images/wikisim.png used on input line 605.
(luatex.def)             Requested size: 284.54124pt x 227.62453pt.
 [20<./final_images/wikisim.png>]
Underfull \hbox (badness 10000) in paragraph at lines 643--645

 []

[21]
Underfull \hbox (badness 10000) in paragraph at lines 703--706
[][] []$\OT1/cmtt/m/n/10 https://networkx.github.io/documentation/networkx-[]1.
11/
 []


Underfull \hbox (badness 10000) in paragraph at lines 703--706
\OT1/cmtt/m/n/10 reference/generated/networkx.generators.degree_seq.directed_co
nfiguration_model.html?
 []


Underfull \hbox (badness 10000) in paragraph at lines 703--706
\OT1/cmtt/m/n/10 highlight=directed%20configuration%20model#networkx.generators
.degree_seq.directed_
 []


Underfull \hbox (badness 10000) in paragraph at lines 708--710
[][] []$\OT1/cmtt/m/n/10 http:
 []


Overfull \hbox (142.885pt too wide) in paragraph at lines 712--714
[][]
 []


Overfull \hbox (69.27386pt too wide) in paragraph at lines 716--718
[][]
 []


Overfull \hbox (183.23232pt too wide) in paragraph at lines 720--722
[][]
 []


Overfull \hbox (192.7186pt too wide) in paragraph at lines 724--726
[][]
 []


Underfull \hbox (badness 10000) in paragraph at lines 728--730
[][]
 []

Package atveryend Info: Empty hook `BeforeClearDocument' on input line 743.
[22
Missing character: There is no “ (U+201C) in font cmr10!
Missing character: There is no ” (U+201D) in font cmr10!

warning  (pdf backend): ignoring duplicate destination with the name 'cite.bc_al
go3'
Missing character: There is no – (U+2013) in font cmr10!
]
Package atveryend Info: Empty hook `AfterLastShipout' on input line 743.
 (./FinalReport.aux)
Package atveryend Info: Executing hook `AtVeryEndDocument' on input line 743.
Package atveryend Info: Executing hook `AtEndAfterFileList' on input line 743.


Package rerunfilecheck Warning: File `FinalReport.out' has changed.
(rerunfilecheck)                Rerun to get outlines right
(rerunfilecheck)                or use package `bookmark'.

Package rerunfilecheck Info: Checksums for `FinalReport.out':
(rerunfilecheck)             Before: 638F4A027291C5197DAC2B4C392263AB;1726
(rerunfilecheck)             After:  AB57E67E382176333786A1A5CB5865FA;1770.

LaTeX Warning: There were undefined references.


LaTeX Warning: There were multiply-defined labels.

)

Here is how much of LuaTeX's memory you used:
 17903 strings out of 495119
 125171,460012 words of node,token memory allocated
 9615 words of node memory still in use:
   7 hlist, 2 vlist, 2 rule, 1285 glue, 1 kern, 4 sub_mlist, 83 glue_spec, 1 wri
te, 4 pdf_action nodes
   avail lists: 2:28,3:285,4:41,5:1879,6:4037,7:714,8:1112,9:2039,10:26,11:358
 20439 multiletter control sequences out of 65536+600000
 62 fonts using 2574487 bytes
 41i,11n,43p,943b,571s stack positions out of 5000i,500n,10000p,200000b,100000s

warning  (pdf backend): unreferenced destination with name 'equal_sum_algo'

warning  (pdf backend): unreferenced destination with name 'subsection.3.3'

warning  (pdf backend): unreferenced destination with name 'subsubsection.3.2.2'


warning  (pdf backend): unreferenced destination with name 'subsubsection.3.2.1'


warning  (pdf backend): unreferenced destination with name 'subsection.2.2'

warning  (pdf backend): unreferenced destination with name 'subsubsection.2.1.4'


warning  (pdf backend): unreferenced destination with name 'subsubsection.2.1.3'


warning  (pdf backend): unreferenced destination with name 'subsubsection.2.1.2'


warning  (pdf backend): unreferenced destination with name 'subsubsection.2.1.1'


warning  (pdf backend): unreferenced destination with name 'subsection.2.1'
</usr/local/texlive/2016/texmf-dist/fonts/type1/public/amsfonts/cm/cmbx10.pfb></
usr/local/texlive/2016/texmf-dist/fonts/type1/public/amsfonts/cm/cmbx12.pfb></us
r/local/texlive/2016/texmf-dist/fonts/type1/public/amsfonts/cm/cmex10.pfb></usr/
local/texlive/2016/texmf-dist/fonts/type1/public/amsfonts/cm/cmmi10.pfb></usr/lo
cal/texlive/2016/texmf-dist/fonts/type1/public/amsfonts/cm/cmmi5.pfb></usr/local
/texlive/2016/texmf-dist/fonts/type1/public/amsfonts/cm/cmmi7.pfb></usr/local/te
xlive/2016/texmf-dist/fonts/type1/public/amsfonts/cm/cmr10.pfb></usr/local/texli
ve/2016/texmf-dist/fonts/type1/public/amsfonts/cm/cmr12.pfb></usr/local/texlive/
2016/texmf-dist/fonts/type1/public/amsfonts/cm/cmr17.pfb></usr/local/texlive/201
6/texmf-dist/fonts/type1/public/amsfonts/cm/cmr5.pfb></usr/local/texlive/2016/te
xmf-dist/fonts/type1/public/amsfonts/cm/cmr7.pfb></usr/local/texlive/2016/texmf-
dist/fonts/type1/public/amsfonts/cm/cmr8.pfb></usr/local/texlive/2016/texmf-dist
/fonts/type1/public/amsfonts/cm/cmsy10.pfb></usr/local/texlive/2016/texmf-dist/f
onts/type1/public/amsfonts/cm/cmsy5.pfb></usr/local/texlive/2016/texmf-dist/font
s/type1/public/amsfonts/cm/cmsy7.pfb></usr/local/texlive/2016/texmf-dist/fonts/t
ype1/public/amsfonts/cm/cmti10.pfb></usr/local/texlive/2016/texmf-dist/fonts/typ
e1/public/amsfonts/cm/cmtt10.pfb>
Output written on FinalReport.pdf (22 pages, 3608072 bytes).

PDF statistics: 600 PDF objects out of 1000 (max. 8388607)
 460 compressed objects within 5 object streams
 203 named destinations out of 1000 (max. 131072)
 185 words of extra memory for PDF output out of 10000 (max. 10000000)

